<?xml version="1.0" encoding="UTF-8"?>
<!-- Generated by org.testng.reporters.JUnitXMLReporter -->
<testsuite hostname="DESKTOP-16UG353" ignored="0" name="Test" tests="6" failures="0" timestamp="2021-10-17T00:21:05 PDT" time="0.148" errors="0">
  <testcase name="dashTest" time="0.026" classname="ojtexamples.PriorityCheck1"/>
  <testcase name="dashTest" time="0.026" classname="ojtexamples.PriorityCheck2"/>
  <testcase name="loginTest" time="0.002" classname="ojtexamples.PriorityCheck1"/>
  <testcase name="loginTest" time="0.003" classname="ojtexamples.PriorityCheck2"/>
  <testcase name="userTest" time="0.003" classname="ojtexamples.PriorityCheck1"/>
  <testcase name="userTest" time="0.003" classname="ojtexamples.PriorityCheck2"/>
</testsuite> <!-- Test -->
