<?xml version="1.0" encoding="UTF-8"?>
<testng-results skipped="0" failed="0" ignored="0" total="1" passed="1">
  <reporter-output>
  </reporter-output>
  <suite name="Default suite" duration-ms="12999" started-at="2021-10-22T00:24:28 PDT" finished-at="2021-10-22T00:24:41 PDT">
    <groups>
    </groups>
    <test name="Default test" duration-ms="12999" started-at="2021-10-22T00:24:28 PDT" finished-at="2021-10-22T00:24:41 PDT">
      <class name="ojtexamples.Autosuggestion2">
        <test-method status="PASS" signature="loginPage()[pri:0, instance:ojtexamples.Autosuggestion2@7dc222ae]" name="loginPage" duration-ms="12932" started-at="2021-10-22T00:24:28 PDT" finished-at="2021-10-22T00:24:41 PDT">
          <reporter-output>
          </reporter-output>
        </test-method> <!-- loginPage -->
      </class> <!-- ojtexamples.Autosuggestion2 -->
    </test> <!-- Default test -->
  </suite> <!-- Default suite -->
</testng-results>
